2019-12-26 11:27:05,398-Ruquests-DEBUG-发送post请求
2019-12-26 11:27:05,480-Ruquests-DEBUG-发送post请求
2019-12-26 11:27:31,984-Ruquests-DEBUG-发送post请求
2019-12-26 11:27:32,070-Ruquests-DEBUG-发送post请求
2019-12-26 11:28:21,938-Ruquests-DEBUG-发送post请求
2019-12-26 11:28:22,242-Ruquests-DEBUG-发送post请求
2019-12-26 11:30:49,437-Ruquests-DEBUG-发送post请求
2019-12-26 11:30:49,609-Ruquests-DEBUG-发送post请求
2019-12-26 11:31:18,168-Ruquests-DEBUG-发送post请求
2019-12-26 11:31:18,229-Ruquests-DEBUG-发送post请求
2019-12-26 11:34:35,508-Ruquests-DEBUG-发送post请求
2019-12-26 11:34:35,618-Ruquests-DEBUG-发送post请求
2019-12-26 11:39:50,608-Ruquests-DEBUG-发送post请求
2019-12-26 11:39:50,739-Ruquests-DEBUG-发送post请求
2019-12-26 11:42:46,824-Ruquests-DEBUG-发送post请求
2019-12-26 11:42:46,940-Ruquests-DEBUG-发送post请求
2019-12-26 11:43:49,315-Ruquests-DEBUG-发送post请求
2019-12-26 11:43:49,385-Ruquests-DEBUG-发送post请求
2019-12-26 11:47:05,911-Ruquests-DEBUG-发送post请求
2019-12-26 11:47:05,967-Ruquests-DEBUG-发送post请求
2019-12-26 11:48:03,555-Ruquests-DEBUG-发送post请求
2019-12-26 11:48:03,997-Ruquests-DEBUG-发送post请求
2019-12-26 11:51:31,848-Ruquests-DEBUG-发送post请求
2019-12-26 11:51:33,099-Ruquests-DEBUG-发送post请求
2019-12-26 11:52:31,044-Ruquests-DEBUG-发送post请求
2019-12-26 11:52:31,129-Ruquests-DEBUG-发送post请求
2019-12-26 11:52:49,017-Ruquests-DEBUG-发送post请求
2019-12-26 11:52:49,169-Ruquests-DEBUG-发送post请求
2019-12-26 11:53:36,762-Ruquests-DEBUG-发送post请求
2019-12-26 11:53:36,950-Ruquests-DEBUG-发送post请求
2019-12-26 11:55:38,121-Ruquests-DEBUG-发送post请求
2019-12-26 11:55:38,190-Ruquests-DEBUG-发送post请求
2019-12-26 11:56:18,125-Ruquests-DEBUG-发送post请求
2019-12-26 11:57:02,170-Ruquests-DEBUG-发送post请求
2019-12-26 11:57:38,642-Ruquests-DEBUG-发送post请求
2019-12-26 11:58:34,910-Ruquests-DEBUG-发送post请求
2019-12-26 11:58:34,965-AssertUtil-ERROR-code error,code is 200,expected_code is 1
2019-12-26 11:59:35,159-Ruquests-DEBUG-发送post请求
2019-12-26 12:00:15,932-Ruquests-DEBUG-发送post请求
2019-12-26 12:00:16,014-Ruquests-DEBUG-发送post请求
2019-12-26 12:03:34,557-Ruquests-DEBUG-发送post请求
2019-12-26 12:03:34,640-Ruquests-DEBUG-发送post请求
2019-12-26 12:04:24,140-Ruquests-DEBUG-发送post请求
2019-12-26 12:04:24,219-Ruquests-DEBUG-发送post请求
2019-12-26 12:05:57,135-Ruquests-DEBUG-发送post请求
2019-12-26 12:05:57,251-Ruquests-DEBUG-发送post请求
2019-12-26 12:12:37,705-Ruquests-DEBUG-发送post请求
2019-12-26 12:12:38,075-Ruquests-DEBUG-发送post请求
2019-12-26 12:14:16,861-Ruquests-DEBUG-发送post请求
2019-12-26 12:14:20,780-Ruquests-DEBUG-发送post请求
2019-12-26 12:14:46,739-Ruquests-DEBUG-发送post请求
2019-12-26 12:14:49,658-Ruquests-DEBUG-发送post请求
2019-12-26 12:15:57,480-Ruquests-DEBUG-发送post请求
2019-12-26 12:16:00,250-Ruquests-DEBUG-发送post请求
2019-12-26 12:17:40,644-Ruquests-DEBUG-发送post请求
2019-12-26 12:17:43,047-Ruquests-DEBUG-发送post请求
2019-12-26 12:18:01,004-Ruquests-DEBUG-发送post请求
2019-12-26 12:18:03,406-Ruquests-DEBUG-发送post请求
2019-12-26 12:19:13,906-Ruquests-DEBUG-发送post请求
2019-12-26 12:19:14,678-Ruquests-DEBUG-发送post请求
2019-12-26 12:19:32,267-Ruquests-DEBUG-发送post请求
2019-12-26 12:19:33,007-AssertUtil-ERROR-code error,code is 200,expected_code is 20
2019-12-26 12:19:35,386-Ruquests-DEBUG-发送post请求
2019-12-26 13:38:01,285-Ruquests-DEBUG-发送post请求
2019-12-26 13:38:04,785-Ruquests-DEBUG-发送post请求
2019-12-26 13:40:39,728-Ruquests-DEBUG-发送post请求
2019-12-26 13:40:39,824-AssertUtil-ERROR-不包含或者body是错误的,body is "{'resultCode': '1000', 'resultDesc': '\u64cd\u4f5c\u6210\u529f', 'failureList': [{'eventCode': 'JJGM001', 'returnCode': '1006', 'tranDate': '2019-12-23', 'srcNo': '0001025', 'returnDesc': '\u6570\u636e\u5e93\u552f\u4e00\u7ea6\u675f\u51b2\u7a81\uff0c\u6570\u636e\u91cd\u590d'}]}",expected_body is {"resultCode": "1000", "resultDesc": "操作成功"}
2019-12-26 13:40:42,689-Ruquests-DEBUG-发送post请求
2019-12-26 13:40:43,014-AssertUtil-ERROR-不包含或者body是错误的,body is "{'resultCode': '1000', 'resultDesc': '\u64cd\u4f5c\u6210\u529f', 'failureList': [{'eventCode': 'JJGM001', 'returnCode': '1007', 'tranDate': '2019-12-23', 'srcNo': '0001025', 'returnDesc': '\u5fc5\u8f93\u5b57\u6bb5ccy\u4e3a\u7a7a\uff0c\u65e0\u6cd5\u5f55\u5165'}]}",expected_body is {"resultCode": "1000", "resultDesc": "操作成功"}
2019-12-26 13:43:12,799-Ruquests-DEBUG-发送post请求
2019-12-26 13:43:13,391-AssertUtil-ERROR-不包含或者body是错误的,body is {"resultCode": "1000", "resultDesc": "\u64cd\u4f5c\u6210\u529f", "failureList": [{"eventCode": "JJGM001", "returnCode": "1006", "tranDate": "2019-12-23", "srcNo": "0001025", "returnDesc": "\u6570\u636e\u5e93\u552f\u4e00\u7ea6\u675f\u51b2\u7a81\uff0c\u6570\u636e\u91cd\u590d"}]},expected_body is {"resultCode": "1000", "resultDesc": "操作成功"}
2019-12-26 13:43:16,211-Ruquests-DEBUG-发送post请求
2019-12-26 13:43:16,723-AssertUtil-ERROR-不包含或者body是错误的,body is {"resultCode": "1000", "resultDesc": "\u64cd\u4f5c\u6210\u529f", "failureList": [{"eventCode": "JJGM001", "returnCode": "1007", "tranDate": "2019-12-23", "srcNo": "0001025", "returnDesc": "\u5fc5\u8f93\u5b57\u6bb5ccy\u4e3a\u7a7a\uff0c\u65e0\u6cd5\u5f55\u5165"}]},expected_body is {"resultCode": "1000", "resultDesc": "操作成功"}
2019-12-26 13:44:20,178-Ruquests-DEBUG-发送post请求
2019-12-26 13:44:20,816-AssertUtil-ERROR-不包含或者body是错误的,body is {'resultCode': '1000', 'resultDesc': '操作成功', 'failureList': [{'eventCode': 'JJGM001', 'returnCode': '1006', 'tranDate': '2019-12-23', 'srcNo': '0001025', 'returnDesc': '数据库唯一约束冲突，数据重复'}]},expected_body is {"resultCode": "1000", "resultDesc": "操作成功"}
2019-12-26 13:44:23,695-Ruquests-DEBUG-发送post请求
2019-12-26 13:44:23,910-AssertUtil-ERROR-不包含或者body是错误的,body is {'resultCode': '1000', 'resultDesc': '操作成功', 'failureList': [{'eventCode': 'JJGM001', 'returnCode': '1007', 'tranDate': '2019-12-23', 'srcNo': '0001025', 'returnDesc': '必输字段ccy为空，无法录入'}]},expected_body is {"resultCode": "1000", "resultDesc": "操作成功"}
2019-12-26 13:47:31,902-Ruquests-DEBUG-发送post请求
2019-12-26 13:47:32,334-AssertUtil-ERROR-不包含或者body是错误的,body is {'resultCode': '1000', 'resultDesc': '操作成功', 'failureList': [{'eventCode': 'JJGM001', 'returnCode': '1006', 'tranDate': '2019-12-23', 'srcNo': '0001025', 'returnDesc': '数据库唯一约束冲突，数据重复'}]},expected_body is {"resultCode": "1000", "resultDesc": "操作成功"}
2019-12-26 13:47:35,190-Ruquests-DEBUG-发送post请求
2019-12-26 13:47:35,829-AssertUtil-ERROR-不包含或者body是错误的,body is {'resultCode': '1000', 'resultDesc': '操作成功', 'failureList': [{'eventCode': 'JJGM001', 'returnCode': '1007', 'tranDate': '2019-12-23', 'srcNo': '0001025', 'returnDesc': '必输字段ccy为空，无法录入'}]},expected_body is {'resultCode': '1000', 'resultDesc': '操作成功', 'failureList': [{'eventCode': 'JJGM001', 'returnCode': '1007', 'tranDate': '2019-12-23', 'srcNo': '0001025', 'returnDesc': '必输字段ccy为空，无法录入'}]}
2019-12-26 13:51:25,167-Ruquests-DEBUG-发送post请求
2019-12-26 13:51:25,740-AssertUtil-ERROR-不包含或者body是错误的,body is {'resultCode': '1000', 'resultDesc': '操作成功', 'failureList': [{'eventCode': 'JJGM001', 'returnCode': '1006', 'tranDate': '2019-12-23', 'srcNo': '0001025', 'returnDesc': '数据库唯一约束冲突，数据重复'}]},expected_body is {"resultCode": "1000", "resultDesc": "操作成功"}
2019-12-26 13:51:28,295-Ruquests-DEBUG-发送post请求
2019-12-26 13:51:28,418-AssertUtil-ERROR-不包含或者body是错误的,body is {'resultCode': '1000', 'resultDesc': '操作成功', 'failureList': [{'eventCode': 'JJGM001', 'returnCode': '1007', 'tranDate': '2019-12-23', 'srcNo': '0001025', 'returnDesc': '必输字段ccy为空，无法录入'}]},expected_body is {'resultCode': '1000', 'resultDesc': '操作成功', 'failureList': [{'eventCode': 'JJGM001', 'returnCode': '1007', 'tranDate': '2019-12-23', 'srcNo': '0001025', 'returnDesc': '必输字段ccy为空，无法录入'}]}
2019-12-26 13:51:54,961-Ruquests-DEBUG-发送post请求
2019-12-26 13:51:56,459-AssertUtil-ERROR-不包含或者body是错误的,body is {'resultCode': '1000', 'resultDesc': '操作成功', 'failureList': [{'eventCode': 'JJGM001', 'returnCode': '1006', 'tranDate': '2019-12-23', 'srcNo': '0001025', 'returnDesc': '数据库唯一约束冲突，数据重复'}]},expected_body is {"resultCode": "1000", "resultDesc": "操作成功"}
2019-12-26 13:51:59,483-Ruquests-DEBUG-发送post请求
2019-12-26 13:57:42,718-Ruquests-DEBUG-发送post请求
2019-12-26 13:57:42,855-Ruquests-DEBUG-发送post请求
2019-12-26 13:58:32,995-Ruquests-DEBUG-发送post请求
2019-12-26 13:58:33,265-AssertUtil-ERROR-不包含或者body是错误的,body is {'resultCode': '1000', 'resultDesc': '操作成功', 'failureList': [{'eventCode': 'JJGM001', 'returnCode': '1006', 'tranDate': '2019-12-23', 'srcNo': '0001025', 'returnDesc': '数据库唯一约束冲突，数据重复'}]},expected_body is {'resultCode': '1000', 'resultDesc': '操作成功', 'failureList': []}
2019-12-26 13:58:35,625-Ruquests-DEBUG-发送post请求
2019-12-26 13:58:52,092-Ruquests-DEBUG-发送post请求
2019-12-26 13:58:52,511-Ruquests-DEBUG-发送post请求
2019-12-26 13:59:41,144-Ruquests-DEBUG-发送post请求
2019-12-26 13:59:41,905-Ruquests-DEBUG-发送post请求
2019-12-26 15:59:53,480-Ruquests-DEBUG-发送post请求
2019-12-26 15:59:53,509-AssertUtil-ERROR-不包含或者body是错误的,body is {'resultCode': '1000', 'resultDesc': '操作成功', 'failureList': []},expected_body is {'resultCode': '1000', 'resultDesc': '操作成功', 'failureList':[]}
2019-12-26 15:59:56,108-Ruquests-DEBUG-发送post请求
2019-12-26 15:59:56,368-Ruquests-DEBUG-发送post请求
2019-12-26 16:01:01,413-Ruquests-DEBUG-发送post请求
2019-12-26 16:01:01,447-AssertUtil-ERROR-不包含或者body是错误的,body is {'resultCode': '1000', 'resultDesc': '操作成功', 'failureList': [{'eventCode': 'JJGM001', 'returnCode': '1006', 'tranDate': '2019-12-27', 'srcNo': '0001025', 'returnDesc': '数据库唯一约束冲突，数据重复'}]},expected_body is {'resultCode': '1000', 'resultDesc': '操作成功', 'failureList':[]}
2019-12-26 16:01:03,719-Ruquests-DEBUG-发送post请求
2019-12-26 16:01:03,999-Ruquests-DEBUG-发送post请求
2019-12-26 16:02:33,326-Ruquests-DEBUG-发送post请求
2019-12-26 16:02:33,361-AssertUtil-ERROR-不包含或者body是错误的,body is {'resultCode': '1000', 'resultDesc': '操作成功', 'failureList': []},expected_body is {'resultCode': '1000', 'resultDesc': '操作成功', 'failureList':[]}
2019-12-26 16:02:35,584-Ruquests-DEBUG-发送post请求
2019-12-26 16:02:35,902-Ruquests-DEBUG-发送post请求
2019-12-26 16:03:42,387-Ruquests-DEBUG-发送post请求
2019-12-26 16:03:42,428-AssertUtil-ERROR-不包含或者body是错误的,body is {'resultCode': '1000', 'resultDesc': '操作成功', 'failureList': []},expected_body is {'resultCode': '1000', 'resultDesc': '操作成功', 'failureList':[]}
2019-12-26 16:03:46,459-Ruquests-DEBUG-发送post请求
2019-12-26 16:03:46,500-Ruquests-DEBUG-发送post请求
2019-12-26 16:05:19,332-Ruquests-DEBUG-发送post请求
2019-12-26 16:05:19,372-Ruquests-DEBUG-发送post请求
2019-12-26 16:05:19,420-Ruquests-DEBUG-发送post请求
2019-12-26 16:06:00,994-Ruquests-DEBUG-发送post请求
2019-12-26 16:06:01,051-Ruquests-DEBUG-发送post请求
2019-12-26 16:06:01,075-Ruquests-DEBUG-发送post请求
2019-12-26 16:06:55,392-Ruquests-DEBUG-发送post请求
2019-12-26 16:06:55,484-D:\bj18\KuaiJI_PingTai\utils\LogUtil.py-DEBUG-数据库查询结果：{'id': 15787926609, 'ver': 0, 'sys_id': None, 'busi_line': 'L009', 'tran_date': '2019-12-27', 'src_no': '0001025', 'serial_no': '19122616070282104329757', 'seq_no': None, 'busi_brc': 'N100696', 'adjust_brc': 'N100696', 'ccy': '156', 'amt': Decimal('888.880000'), 'event_code': 'JJGM001', 'tran_code': 'JJGM001', 'chnl_code': None, 'prd_code': 'JJGM', 'amt_type': None, 'tran_flag': None, 'rev_type': None, 'rev_date': None, 'rev_serial_no': None, 'post_flag': '0', 'error_reason': None, 'create_time': '2019-12-26 16:07:02', 'aux1': 'L009', 'aux2': '000083', 'aux3': None, 'aux4': 'N100696C00008', 'aux5': None, 'aux6': None, 'aux7': None, 'aux8': None, 'aux9': None, 'aux10': None, 'aux11': None, 'aux12': None, 'aux13': None, 'aux14': None, 'aux15': None, 'aux16': None, 'aux17': None, 'aux18': None, 'aux19': None, 'aux20': None, 'ext_set': '{"businessType":"02","companyCode":"N100696C00008","companyName":"汇添富基金管理股份有限公司","custno":"000000367699","fconfirmbalance":"6000","fconfirmshares":"","fundProductCode":"000083","fundProductName":"添富消费行业混合","fundTypeCode":"mix","fundTypeName":"混合型","orderNumber":"3390000002020","purchaseDate":"20190130","purchaseFare":"35.79","redeemDate":"","redeemFare":""}', 'is_manual': '4', 'remark': None, 'modify_time': None, 'sub_no': None, 'cd_flag': None, 'create_date': '2019-12-26', 'rate': Decimal('1.000000'), 'user_id': None, 'is_rev': 0}
2019-12-26 16:06:55,496-Ruquests-DEBUG-发送post请求
2019-12-26 16:06:58,439-Ruquests-DEBUG-发送post请求
2019-12-26 16:19:48,285-Ruquests-DEBUG-发送post请求
2019-12-26 16:19:48,356-D:\bj18\KuaiJI_PingTai\utils\LogUtil.py-DEBUG-数据库查询结果：{'id': 15787926611, 'ver': 0, 'sys_id': None, 'busi_line': 'L009', 'tran_date': '2019-12-27', 'src_no': '0001025', 'serial_no': '19122616195573304378943', 'seq_no': None, 'busi_brc': 'N100696', 'adjust_brc': 'N100696', 'ccy': '156', 'amt': Decimal('888.880000'), 'event_code': 'JJGM001', 'tran_code': 'JJGM001', 'chnl_code': None, 'prd_code': 'JJGM', 'amt_type': None, 'tran_flag': None, 'rev_type': None, 'rev_date': None, 'rev_serial_no': None, 'post_flag': '0', 'error_reason': None, 'create_time': '2019-12-26 16:19:55', 'aux1': 'L009', 'aux2': '000083', 'aux3': None, 'aux4': 'N100696C00008', 'aux5': None, 'aux6': None, 'aux7': None, 'aux8': None, 'aux9': None, 'aux10': None, 'aux11': None, 'aux12': None, 'aux13': None, 'aux14': None, 'aux15': None, 'aux16': None, 'aux17': None, 'aux18': None, 'aux19': None, 'aux20': None, 'ext_set': '{"businessType":"02","companyCode":"N100696C00008","companyName":"汇添富基金管理股份有限公司","custno":"000000367699","fconfirmbalance":"6000","fconfirmshares":"","fundProductCode":"000083","fundProductName":"添富消费行业混合","fundTypeCode":"mix","fundTypeName":"混合型","orderNumber":"3390000002020","purchaseDate":"20190130","purchaseFare":"35.79","redeemDate":"","redeemFare":""}', 'is_manual': '4', 'remark': None, 'modify_time': None, 'sub_no': None, 'cd_flag': None, 'create_date': '2019-12-26', 'rate': Decimal('1.000000'), 'user_id': None, 'is_rev': 0}
2019-12-26 16:29:09,635-Ruquests-DEBUG-发送post请求
2019-12-26 16:29:09,695-D:\bj18\KuaiJI_PingTai\utils\LogUtil.py-DEBUG-数据库查询结果：{'src_no': '0001025'}
2019-12-26 16:30:45,131-Ruquests-DEBUG-发送post请求
2019-12-26 16:30:45,196-D:\bj18\KuaiJI_PingTai\utils\LogUtil.py-DEBUG-数据库查询结果：{'src_no': '0001025'}
2019-12-26 16:35:16,886-Ruquests-DEBUG-发送post请求
2019-12-26 16:35:16,952-D:\bj18\KuaiJI_PingTai\utils\LogUtil.py-DEBUG-数据库查询结果：{'src_no': '0001025'}
2019-12-26 16:36:05,406-Ruquests-DEBUG-发送post请求
2019-12-26 16:36:05,466-D:\bj18\KuaiJI_PingTai\utils\LogUtil.py-DEBUG-数据库查询结果：{'src_no': '0001025'}
2019-12-26 16:36:05,466-AssertUtil-ERROR-body errror,body is {'src_no':'0001025'},expected_body is 0001025
2019-12-26 16:37:22,144-Ruquests-DEBUG-发送post请求
2019-12-26 16:37:22,216-D:\bj18\KuaiJI_PingTai\utils\LogUtil.py-DEBUG-数据库查询结果：{'src_no': '0001025'}
2019-12-26 16:41:32,875-Ruquests-DEBUG-发送post请求
2019-12-26 16:41:32,906-AssertUtil-ERROR-不包含或者body是错误的,body is {'resultCode': '1000', 'resultDesc': '操作成功', 'failureList': [{'eventCode': 'JJGM001', 'returnCode': '1006', 'tranDate': '2019-12-27', 'srcNo': '0001025', 'returnDesc': '数据库唯一约束冲突，数据重复'}]},expected_body is {'resultCode': '1000', 'resultDesc': '操作成功', 'failureList': []}
2019-12-26 16:41:35,273-Ruquests-DEBUG-发送post请求
2019-12-26 16:41:35,582-Ruquests-DEBUG-发送post请求
2019-12-26 16:42:06,094-Ruquests-DEBUG-发送post请求
2019-12-26 16:42:06,155-D:\bj18\KuaiJI_PingTai\utils\LogUtil.py-DEBUG-数据库查询结果：{'src_no': '0001025'}
2019-12-26 16:42:06,174-Ruquests-DEBUG-发送post请求
2019-12-26 16:42:09,025-Ruquests-DEBUG-发送post请求
2019-12-26 16:43:43,811-Ruquests-DEBUG-发送post请求
2019-12-26 16:43:46,274-Ruquests-DEBUG-发送post请求
2019-12-26 16:43:46,341-Ruquests-DEBUG-发送post请求
2019-12-26 16:45:10,434-Ruquests-DEBUG-发送post请求
2019-12-26 16:45:10,574-D:\bj18\KuaiJI_PingTai\utils\LogUtil.py-DEBUG-数据库查询结果：{'src_no': '0001025'}
2019-12-26 16:45:10,585-Ruquests-DEBUG-发送post请求
2019-12-26 16:45:13,189-Ruquests-DEBUG-发送post请求
2019-12-26 17:01:54,341-Ruquests-DEBUG-发送post请求
2019-12-26 17:01:54,447-AssertUtil-ERROR-不包含或者body是错误的,body is {'resultCode': '1000', 'resultDesc': '操作成功', 'failureList': [{'eventCode': 'JJGM001', 'returnCode': '1006', 'tranDate': '2019-12-27', 'srcNo': '0001025', 'returnDesc': '数据库唯一约束冲突，数据重复'}]},expected_body is {'resultCode': '1000', 'resultDesc': '操作成功', 'failureList': []}
2019-12-26 17:01:56,475-Ruquests-DEBUG-发送post请求
2019-12-26 17:01:56,617-Ruquests-DEBUG-发送post请求
2019-12-26 17:03:58,905-Ruquests-DEBUG-发送post请求
2019-12-26 17:03:58,961-D:\bj18\KuaiJI_PingTai\utils\LogUtil.py-DEBUG-数据库查询结果：{'src_no': '0001025'}
2019-12-26 17:03:58,971-Ruquests-DEBUG-发送post请求
2019-12-26 17:03:58,999-Ruquests-DEBUG-发送post请求
2019-12-26 17:24:47,615-Ruquests-DEBUG-发送post请求
2019-12-26 17:24:47,677-D:\bj18\KuaiJI_PingTai\utils\LogUtil.py-DEBUG-数据库查询结果：{'src_no': '0001025'}
2019-12-26 17:24:47,828-Ruquests-DEBUG-发送post请求
2019-12-26 17:24:48,075-AssertUtil-ERROR-不包含或者body是错误的,body is {'resultCode': '1000', 'resultDesc': '操作成功', 'failureList': []},expected_body is {'resultCode': '1000', 'resultDesc': '操作成功', 'failureList': [{'eventCode': 'JJGM001', 'returnCode': '1006', 'tranDate': '2019-12-27', 'srcNo': '0001025', 'returnDesc': '数据库唯一约束冲突，数据重复'}]}
2019-12-26 17:24:50,275-Ruquests-DEBUG-发送post请求
2019-12-26 17:25:27,469-Ruquests-DEBUG-发送post请求
2019-12-26 17:25:27,529-D:\bj18\KuaiJI_PingTai\utils\LogUtil.py-DEBUG-数据库查询结果：{'src_no': '0001025'}
2019-12-26 17:25:27,566-Ruquests-DEBUG-发送post请求
2019-12-26 17:25:27,588-AssertUtil-ERROR-不包含或者body是错误的,body is {'resultCode': '1000', 'resultDesc': '操作成功', 'failureList': []},expected_body is {'resultCode': '1000', 'resultDesc': '操作成功', 'failureList': [{'eventCode': 'JJGM001', 'returnCode': '1006', 'tranDate': '2019-12-27', 'srcNo': '0001025', 'returnDesc': '数据库唯一约束冲突，数据重复'}]}
2019-12-26 17:25:29,686-Ruquests-DEBUG-发送post请求
2019-12-26 17:27:14,476-Ruquests-DEBUG-发送post请求
2019-12-26 17:27:14,521-D:\bj18\KuaiJI_PingTai\utils\LogUtil.py-DEBUG-数据库查询结果：{'src_no': '0001025'}
2019-12-26 17:27:14,531-Ruquests-DEBUG-发送post请求
2019-12-26 17:27:14,561-Ruquests-DEBUG-发送post请求
2019-12-26 23:52:56,745-Ruquests-DEBUG-发送post请求
2019-12-26 23:52:57,808-Ruquests-DEBUG-发送post请求
2019-12-26 23:52:58,076-Ruquests-DEBUG-发送post请求
2019-12-26 23:52:58,125-Ruquests-DEBUG-发送post请求
2019-12-26 23:52:58,238-AssertUtil-ERROR-不包含或者body是错误的,body is {'resultCode': '1000', 'resultDesc': '操作成功', 'failureList': [{'eventCode': 'JJGM001', 'returnCode': '1006', 'tranDate': '2019-12-27', 'srcNo': '0001025', 'returnDesc': '数据库唯一约束冲突，数据重复'}]},expected_body is {'resultCode': '1000', 'resultDesc': '操作成功', 'failureList': []}
2019-12-26 23:53:02,055-Ruquests-DEBUG-发送post请求
2019-12-26 23:53:02,122-Ruquests-DEBUG-发送post请求
2019-12-26 23:53:02,208-Ruquests-DEBUG-发送post请求
2019-12-26 23:53:02,455-Ruquests-DEBUG-发送post请求
