2019-12-19 10:14:02,475-Ruquests-DEBUG-发送post请求
2019-12-19 12:52:42,539-Ruquests-DEBUG-发送post请求
2019-12-19 15:06:20,110-Ruquests-DEBUG-发送post请求
2019-12-19 15:19:16,939-Ruquests-DEBUG-发送post请求
2019-12-19 15:23:21,708-Ruquests-DEBUG-发送post请求
2019-12-19 15:26:52,026-Ruquests-DEBUG-发送post请求
2019-12-19 15:27:40,924-Ruquests-DEBUG-发送post请求
2019-12-19 15:30:30,315-Ruquests-DEBUG-发送post请求
2019-12-19 15:32:17,916-Ruquests-DEBUG-发送post请求
2019-12-19 15:32:52,784-Ruquests-DEBUG-发送post请求
2019-12-19 15:33:28,384-Ruquests-DEBUG-发送post请求
2019-12-19 15:33:36,931-Ruquests-DEBUG-发送post请求
2019-12-19 15:34:33,819-Ruquests-DEBUG-发送post请求
2019-12-19 15:36:21,921-Ruquests-DEBUG-发送post请求
2019-12-19 15:36:22,101-AssertUtil-ERROR-不包含或者body是错误的,body is {'resultCode': '1000', 'resultDesc': '操作成功', 'failureList': [{'eventCode': 'JJGM001', 'returnCode': '1006', 'tranDate': '2019-12-08', 'srcNo': '000912', 'returnDesc': '数据库唯一约束冲突，数据重复'}]},expected_body is {'resultCode': '1000', 'resultDesc': '操作成功'}
2019-12-19 15:37:52,750-Ruquests-DEBUG-发送post请求
2019-12-19 15:37:52,817-AssertUtil-ERROR-不包含或者body是错误的,body is {'resultCode': '1000', 'resultDesc': '操作成功', 'failureList': [{'eventCode': 'JJGM001', 'returnCode': '1006', 'tranDate': '2019-12-08', 'srcNo': '000912', 'returnDesc': '数据库唯一约束冲突，数据重复'}]},expected_body is 'resultCode': '1000', 'resultDesc': '操作成功'
2019-12-19 15:38:47,130-Ruquests-DEBUG-发送post请求
2019-12-19 15:38:47,424-AssertUtil-ERROR-不包含或者body是错误的,body is {'resultCode': '1000', 'resultDesc': '操作成功', 'failureList': [{'eventCode': 'JJGM001', 'returnCode': '1006', 'tranDate': '2019-12-08', 'srcNo': '000912', 'returnDesc': '数据库唯一约束冲突，数据重复'}]},expected_body is "resultCode": "1000", "resultDesc": "操作成功"
2019-12-19 15:43:41,929-Ruquests-DEBUG-发送post请求
2019-12-19 15:43:42,040-AssertUtil-ERROR-不包含或者body是错误的,body is {'resultCode': '1000', 'resultDesc': '操作成功', 'failureList': [{'eventCode': 'JJGM001', 'returnCode': '1006', 'tranDate': '2019-12-08', 'srcNo': '000912', 'returnDesc': '数据库唯一约束冲突，数据重复'}]},expected_body is {"resultCode": "1000", "resultDesc": "操作成功", "failureList": ""}
2019-12-19 15:44:12,569-Ruquests-DEBUG-发送post请求
2019-12-19 15:44:12,640-AssertUtil-ERROR-不包含或者body是错误的,body is {'resultCode': '1000', 'resultDesc': '操作成功', 'failureList': [{'eventCode': 'JJGM001', 'returnCode': '1006', 'tranDate': '2019-12-08', 'srcNo': '000912', 'returnDesc': '数据库唯一约束冲突，数据重复'}]},expected_body is {"resultCode": "1000", "resultDesc": "操作成功", "failureList": ""}
2019-12-19 15:45:00,934-Ruquests-DEBUG-发送post请求
2019-12-19 15:45:01,007-AssertUtil-ERROR-不包含或者body是错误的,body is {'resultCode': '1000', 'resultDesc': '操作成功', 'failureList': [{'eventCode': 'JJGM001', 'returnCode': '1006', 'tranDate': '2019-12-08', 'srcNo': '000912', 'returnDesc': '数据库唯一约束冲突，数据重复'}]},expected_body is "resultCode": "1000", "resultDesc": "操作成功", "failureList": ""
2019-12-19 16:01:37,095-Ruquests-DEBUG-发送post请求
2019-12-19 16:01:37,176-AssertUtil-ERROR-不包含或者body是错误的,body is {'resultCode': '1000', 'resultDesc': '操作成功', 'failureList': [{'eventCode': 'JJGM001', 'returnCode': '1006', 'tranDate': '2019-12-08', 'srcNo': '000912', 'returnDesc': '数据库唯一约束冲突，数据重复'}]},expected_body is "resultCode": "1000", "resultDesc": "操作成功", "failureList": ""
2019-12-19 16:01:50,858-Ruquests-DEBUG-发送post请求
2019-12-19 16:01:50,929-AssertUtil-ERROR-不包含或者body是错误的,body is {"resultCode": "1000", "resultDesc": "\u64cd\u4f5c\u6210\u529f", "failureList": [{"eventCode": "JJGM001", "returnCode": "1006", "tranDate": "2019-12-08", "srcNo": "000912", "returnDesc": "\u6570\u636e\u5e93\u552f\u4e00\u7ea6\u675f\u51b2\u7a81\uff0c\u6570\u636e\u91cd\u590d"}]},expected_body is "resultCode": "1000", "resultDesc": "操作成功", "failureList": ""
2019-12-19 16:04:58,617-Ruquests-DEBUG-发送post请求
2019-12-19 16:04:58,731-AssertUtil-ERROR-不包含或者body是错误的,body is {'resultCode': '1000', 'resultDesc': '操作成功', 'failureList': [{'eventCode': 'JJGM001', 'returnCode': '1006', 'tranDate': '2019-12-08', 'srcNo': '000912', 'returnDesc': '数据库唯一约束冲突，数据重复'}]},expected_body is 'resultCode': '1000', 'resultDesc': '操作成功'
2019-12-19 16:05:36,750-Ruquests-DEBUG-发送post请求
2019-12-19 16:05:36,915-AssertUtil-ERROR-不包含或者body是错误的,body is {'resultCode': '1000', 'resultDesc': '操作成功', 'failureList': [{'eventCode': 'JJGM001', 'returnCode': '1006', 'tranDate': '2019-12-08', 'srcNo': '000912', 'returnDesc': '数据库唯一约束冲突，数据重复'}]},expected_body is {'resultCode': '1000', 'resultDesc': '操作成功'}
2019-12-19 16:07:03,481-Ruquests-DEBUG-发送post请求
2019-12-19 16:07:03,585-AssertUtil-ERROR-不包含或者body是错误的,body is {'resultCode': '1000', 'resultDesc': '操作成功', 'failureList': [{'eventCode': 'JJGM001', 'returnCode': '1006', 'tranDate': '2019-12-08', 'srcNo': '000912', 'returnDesc': '数据库唯一约束冲突，数据重复'}]},expected_body is {'resultCode': '1000', 'resultDesc': '操作成功', 'failureList': [{'eventCode': 'JJGM001', 'returnCode': '1006', 'tranDate': '2019-12-08', 'srcNo': '000912', 'returnDesc': '数据库唯一约束冲突，数据重复'}]}
2019-12-19 16:08:14,205-Ruquests-DEBUG-发送post请求
2019-12-19 16:08:45,914-Ruquests-DEBUG-发送post请求
2019-12-19 16:09:29,848-Ruquests-DEBUG-发送post请求
2019-12-19 16:12:26,345-Ruquests-DEBUG-发送post请求
2019-12-19 16:14:39,487-Ruquests-DEBUG-发送post请求
2019-12-19 16:15:22,300-Ruquests-DEBUG-发送post请求
2019-12-19 16:18:49,298-Ruquests-DEBUG-发送post请求
2019-12-19 16:19:55,551-Ruquests-DEBUG-发送post请求
2019-12-19 16:21:39,573-Ruquests-DEBUG-发送post请求
2019-12-19 16:27:47,931-Ruquests-DEBUG-发送post请求
2019-12-19 16:27:48,386-AssertUtil-ERROR-不包含或者body是错误的,body is {'resultCode': '1000', 'resultDesc': '操作成功', 'failureList': []},expected_body is {'resultCode': '1000', 'resultDesc': '操作成功', 'failureList': []}
2019-12-19 16:37:39,571-Ruquests-DEBUG-发送post请求
2019-12-19 16:37:39,791-AssertUtil-ERROR-不包含或者body是错误的,body is {"resultCode": "1000", "resultDesc": "\u64cd\u4f5c\u6210\u529f", "failureList": [{"eventCode": "JJGM001", "returnCode": "1006", "tranDate": "2019-12-09", "srcNo": "0001013", "returnDesc": "\u6570\u636e\u5e93\u552f\u4e00\u7ea6\u675f\u51b2\u7a81\uff0c\u6570\u636e\u91cd\u590d"}]},expected_body is {'resultCode': '1000', 'resultDesc': '操作成功', 'failureList': []}
2019-12-19 16:38:25,532-Ruquests-DEBUG-发送post请求
2019-12-19 16:38:25,663-AssertUtil-ERROR-不包含或者body是错误的,body is {"resultCode": "1000", "resultDesc": "\u64cd\u4f5c\u6210\u529f", "failureList": [{"eventCode": "JJGM001", "returnCode": "1006", "tranDate": "2019-12-09", "srcNo": "0001013", "returnDesc": "\u6570\u636e\u5e93\u552f\u4e00\u7ea6\u675f\u51b2\u7a81\uff0c\u6570\u636e\u91cd\u590d"}]},expected_body is 'resultCode': '1000'
2019-12-19 16:39:09,013-Ruquests-DEBUG-发送post请求
2019-12-19 16:39:09,166-AssertUtil-ERROR-不包含或者body是错误的,body is {"resultCode": "1000", "resultDesc": "\u64cd\u4f5c\u6210\u529f", "failureList": [{"eventCode": "JJGM001", "returnCode": "1006", "tranDate": "2019-12-09", "srcNo": "0001013", "returnDesc": "\u6570\u636e\u5e93\u552f\u4e00\u7ea6\u675f\u51b2\u7a81\uff0c\u6570\u636e\u91cd\u590d"}]},expected_body is "resultCode":"1000"
2019-12-19 16:42:25,790-Ruquests-DEBUG-发送post请求
2019-12-19 16:45:05,962-Ruquests-DEBUG-发送post请求
2019-12-19 16:55:20,805-Ruquests-DEBUG-发送post请求
2019-12-19 16:55:43,681-Ruquests-DEBUG-发送post请求
2019-12-19 16:55:43,750-AssertUtil-ERROR-body errror,body is ['数据库唯一约束冲突，数据重复'],expected_body is 数据库唯一约束冲突，数据重复
2019-12-19 16:56:33,318-Ruquests-DEBUG-发送post请求
2019-12-19 16:56:33,499-AssertUtil-ERROR-body errror,body is ['数据库唯一约束冲突，数据重复'],expected_body is “[数据库唯一约束冲突，数据重复]"
2019-12-19 16:56:47,668-Ruquests-DEBUG-发送post请求
2019-12-19 16:56:51,389-AssertUtil-ERROR-body errror,body is ['数据库唯一约束冲突，数据重复'],expected_body is "[数据库唯一约束冲突，数据重复]"
2019-12-19 16:57:11,860-Ruquests-DEBUG-发送post请求
2019-12-19 16:57:31,576-Ruquests-DEBUG-发送post请求
2019-12-19 16:57:58,456-Ruquests-DEBUG-发送post请求
2019-12-19 16:58:09,129-AssertUtil-ERROR-body errror,body is ['数据库唯一约束冲突，数据重复'],expected_body is ["数据库唯一约束冲突，数据重复"]
2019-12-19 16:58:43,781-Ruquests-DEBUG-发送post请求
2019-12-19 16:58:52,852-AssertUtil-ERROR-body errror,body is ['数据库唯一约束冲突，数据重复'],expected_body is ['数据库唯一约束冲突，数据重复']
2019-12-19 17:00:41,178-Ruquests-DEBUG-发送post请求
2019-12-19 17:02:35,633-Ruquests-DEBUG-发送post请求
2019-12-19 17:02:35,770-AssertUtil-ERROR-body errror,body is ['数据库唯一约束冲突，数据重复'],expected_body is 数据库唯一约束冲突，数据重复
2019-12-19 17:03:37,084-Ruquests-DEBUG-发送post请求
2019-12-19 17:04:17,696-Ruquests-DEBUG-发送post请求
2019-12-19 17:14:54,324-Ruquests-DEBUG-发送post请求
2019-12-19 17:16:28,831-Ruquests-DEBUG-发送post请求
2019-12-19 17:19:03,811-Ruquests-DEBUG-发送post请求
2019-12-19 17:19:38,801-Ruquests-DEBUG-发送post请求
2019-12-19 17:22:12,678-Ruquests-DEBUG-发送post请求
2019-12-19 17:22:49,518-Ruquests-DEBUG-发送post请求
2019-12-19 17:23:16,713-Ruquests-DEBUG-发送post请求
2019-12-19 17:23:31,133-Ruquests-DEBUG-发送post请求
