2020-01-02 10:02:51,132-Ruquests-DEBUG-发送post请求
2020-01-02 10:02:51,715-Ruquests-DEBUG-发送post请求
2020-01-02 10:02:51,825-Ruquests-DEBUG-发送post请求
2020-01-02 10:02:51,853-AssertUtil-ERROR-不包含或者body是错误的,body is {'resultCode': '1000', 'resultDesc': '操作成功', 'failureList': [{'eventCode': 'JJGM001', 'returnCode': '1006', 'tranDate': '2019-12-27', 'srcNo': '0001025', 'returnDesc': '数据库唯一约束冲突，数据重复'}]},expected_body is {'resultCode': '1000', 'resultDesc': '操作成功', 'failureList': []}
2020-01-02 10:02:54,607-Ruquests-DEBUG-发送post请求
2020-01-02 10:02:54,688-Ruquests-DEBUG-发送post请求
2020-01-02 10:10:56,667-Ruquests-DEBUG-发送post请求
2020-01-02 10:10:56,728-AssertUtil-ERROR-不包含或者body是错误的,body is {'resultCode': '1000', 'resultDesc': '操作成功', 'failureList': [{'eventCode': 'JJGM001', 'returnCode': '1006', 'tranDate': '2019-12-27', 'srcNo': '0001025', 'returnDesc': '数据库唯一约束冲突，数据重复'}]},expected_body is {'resultCode': '1000', 'resultDesc': '操作成功', 'failureList': []}
2020-01-02 10:10:59,274-Ruquests-DEBUG-发送post请求
2020-01-02 10:10:59,317-Ruquests-DEBUG-发送post请求
2020-01-02 10:11:41,544-Ruquests-DEBUG-发送post请求
2020-01-02 10:11:41,580-AssertUtil-ERROR-不包含或者body是错误的,body is {'resultCode': '1000', 'resultDesc': '操作成功', 'failureList': [{'eventCode': 'JJGM001', 'returnCode': '1006', 'tranDate': '2019-12-27', 'srcNo': '0001025', 'returnDesc': '数据库唯一约束冲突，数据重复'}]},expected_body is {'resultCode': '1000', 'resultDesc': '操作成功', 'failureList': []}
2020-01-02 10:11:44,000-Ruquests-DEBUG-发送post请求
2020-01-02 10:11:44,069-Ruquests-DEBUG-发送post请求
2020-01-02 10:14:34,130-Ruquests-DEBUG-发送post请求
2020-01-02 10:14:34,177-AssertUtil-ERROR-不包含或者body是错误的,body is {'resultCode': '1000', 'resultDesc': '操作成功', 'failureList': [{'eventCode': 'JJGM001', 'returnCode': '1006', 'tranDate': '2019-12-27', 'srcNo': '0001025', 'returnDesc': '数据库唯一约束冲突，数据重复'}]},expected_body is {'resultCode': '1000', 'resultDesc': '操作成功', 'failureList': []}
2020-01-02 10:14:36,531-Ruquests-DEBUG-发送post请求
2020-01-02 10:14:36,558-AssertUtil-ERROR-不包含或者body是错误的,body is {'resultCode': '1000', 'resultDesc': '操作成功', 'failureList': [{'eventCode': 'JJGM001', 'returnCode': '1006', 'tranDate': '2019-12-27', 'srcNo': '0001025', 'returnDesc': '数据库唯一约束冲突，数据重复'}]},expected_body is {'resultCode': '1000', 'resultDesc': '操作成功', 'failureList': [{'eventCode': 'JJGM001', 'returnCode': '1006', 'tranDate': '2019-12-27', 'srcNo': '0001025
', 'returnDesc': '数据库唯一约束冲突，数据重复'}]}
2020-01-02 10:14:36,604-Ruquests-DEBUG-发送post请求
2020-01-02 10:16:28,662-Ruquests-DEBUG-发送post请求
2020-01-02 10:16:28,701-AssertUtil-ERROR-不包含或者body是错误的,body is {'resultCode': '1000', 'resultDesc': '操作成功', 'failureList': [{'eventCode': 'JJGM001', 'returnCode': '1006', 'tranDate': '2019-12-27', 'srcNo': '0001025', 'returnDesc': '数据库唯一约束冲突，数据重复'}]},expected_body is {'resultCode': '1000', 'resultDesc': '操作成功', 'failureList': []}
2020-01-02 10:16:31,031-Ruquests-DEBUG-发送post请求
2020-01-02 10:16:31,066-AssertUtil-ERROR-不包含或者body是错误的,body is {'resultCode': '1000', 'resultDesc': '操作成功', 'failureList': [{'eventCode': 'JJGM001', 'returnCode': '1006', 'tranDate': '2019-12-27', 'srcNo': '0001025', 'returnDesc': '数据库唯一约束冲突，数据重复'}]},expected_body is  {'resultCode': '1000', 'resultDesc': '操作成功', 'failureList': [{'eventCode': 'JJGM001', 'retu
rnCode': '1006', 'tranDate': '2019-12-27', 'srcNo': '0001025', 'returnDesc': '数据库唯一约束冲突，数据重复'}]}
2020-01-02 10:16:31,110-Ruquests-DEBUG-发送post请求
2020-01-02 10:17:26,259-Ruquests-DEBUG-发送post请求
2020-01-02 10:17:26,298-AssertUtil-ERROR-不包含或者body是错误的,body is {'resultCode': '1000', 'resultDesc': '操作成功', 'failureList': [{'eventCode': 'JJGM001', 'returnCode': '1006', 'tranDate': '2019-12-27', 'srcNo': '0001025', 'returnDesc': '数据库唯一约束冲突，数据重复'}]},expected_body is {'resultCode': '1000', 'resultDesc': '操作成功', 'failureList': []}
2020-01-02 10:17:28,682-Ruquests-DEBUG-发送post请求
2020-01-02 10:17:28,708-AssertUtil-ERROR-不包含或者body是错误的,body is {'resultCode': '1000', 'resultDesc': '操作成功', 'failureList': [{'eventCode': 'JJGM001', 'returnCode': '1006', 'tranDate': '2019-12-27', 'srcNo': '0001025', 'returnDesc': '数据库唯一约束冲突，数据重复'}]},expected_body is   {'resultCode': '1000', 'resultDesc': '操作成功', 'failureList': [{'eventCode': 'JJGM001', 'retu
rnCode': '1006', 'tranDate': '2019-12-27', 'srcNo': '0001025', 'returnDesc': '数据库唯一约束冲突，数据重复'}]}
2020-01-02 10:17:28,749-Ruquests-DEBUG-发送post请求
2020-01-02 10:21:19,603-Ruquests-DEBUG-发送post请求
2020-01-02 10:21:19,653-D:\bj18\KuaiJI_PingTai\utils\LogUtil.py-DEBUG-数据库查询结果：None
2020-01-02 10:21:22,153-Ruquests-DEBUG-发送post请求
2020-01-02 10:21:22,197-D:\bj18\KuaiJI_PingTai\utils\LogUtil.py-DEBUG-数据库查询结果：None
2020-01-02 10:21:22,243-Ruquests-DEBUG-发送post请求
2020-01-02 10:22:25,599-Ruquests-DEBUG-发送post请求
2020-01-02 10:22:25,634-AssertUtil-ERROR-不包含或者body是错误的,body is {'resultCode': '1000', 'resultDesc': '操作成功', 'failureList': [{'eventCode': 'JJGM001', 'returnCode': '1006', 'tranDate': '2020-01-02', 'srcNo': '0001025', 'returnDesc': '数据库唯一约束冲突，数据重复'}]},expected_body is {'resultCode': '1000', 'resultDesc': '操作成功', 'failureList': []}
2020-01-02 10:22:28,612-Ruquests-DEBUG-发送post请求
2020-01-02 10:22:28,668-Ruquests-DEBUG-发送post请求
2020-01-02 10:23:05,542-Ruquests-DEBUG-发送post请求
2020-01-02 10:23:05,622-AssertUtil-ERROR-不包含或者body是错误的,body is {'resultCode': '1000', 'resultDesc': '操作成功', 'failureList': [{'eventCode': 'JJGM001', 'returnCode': '1006', 'tranDate': '2020-01-02', 'srcNo': '0001025', 'returnDesc': '数据库唯一约束冲突，数据重复'}]},expected_body is {'resultCode': '1000', 'resultDesc': '操作成功', 'failureList': []}
2020-01-02 10:23:08,534-Ruquests-DEBUG-发送post请求
2020-01-02 10:23:31,665-Ruquests-DEBUG-发送post请求
2020-01-02 10:23:31,704-D:\bj18\KuaiJI_PingTai\utils\LogUtil.py-DEBUG-数据库查询结果：{'src_no': '0001025'}
2020-01-02 10:23:31,725-Ruquests-DEBUG-发送post请求
2020-01-02 10:23:49,923-Ruquests-DEBUG-发送post请求
2020-01-02 10:23:49,952-AssertUtil-ERROR-不包含或者body是错误的,body is {'resultCode': '1000', 'resultDesc': '操作成功', 'failureList': [{'eventCode': 'JJGM001', 'returnCode': '1006', 'tranDate': '2020-01-02', 'srcNo': '0001025', 'returnDesc': '数据库唯一约束冲突，数据重复'}]},expected_body is {'resultCode': '1000', 'resultDesc': '操作成功', 'failureList': []}
2020-01-02 10:23:52,314-Ruquests-DEBUG-发送post请求
2020-01-02 10:25:49,080-Ruquests-DEBUG-发送post请求
2020-01-02 10:25:49,120-D:\bj18\KuaiJI_PingTai\utils\LogUtil.py-DEBUG-数据库查询结果：{'src_no': '0001025'}
2020-01-02 10:25:49,138-Ruquests-DEBUG-发送post请求
2020-01-02 10:26:31,231-Ruquests-DEBUG-发送post请求
2020-01-02 10:26:31,277-D:\bj18\KuaiJI_PingTai\utils\LogUtil.py-DEBUG-数据库查询结果：{'src_no': '0001025'}
2020-01-02 10:26:31,300-Ruquests-DEBUG-发送post请求
2020-01-02 10:26:31,332-AssertUtil-ERROR-不包含或者body是错误的,body is {'resultCode': '1000', 'resultDesc': '操作成功', 'failureList': [{'eventCode': 'JJGM001', 'returnCode': '1006', 'tranDate': '2020-01-02', 'srcNo': '0001025', 'returnDesc': '数据库唯一约束冲突，数据重复'}]},expected_body is {'resultCode': '1000', 'resultDesc': '操作成功', 'failureList': []}
2020-01-02 10:26:34,250-Ruquests-DEBUG-发送post请求
2020-01-02 10:27:15,566-Ruquests-DEBUG-发送post请求
2020-01-02 10:27:15,600-D:\bj18\KuaiJI_PingTai\utils\LogUtil.py-DEBUG-数据库查询结果：{'src_no': '0001025'}
2020-01-02 10:27:15,625-Ruquests-DEBUG-发送post请求
2020-01-02 10:27:15,660-AssertUtil-ERROR-不包含或者body是错误的,body is {'resultCode': '1000', 'resultDesc': '操作成功', 'failureList': [{'eventCode': 'JJGM001', 'returnCode': '1006', 'tranDate': '2020-01-02', 'srcNo': '0001025', 'returnDesc': '数据库唯一约束冲突，数据重复'}]},expected_body is {'resultCode': '1000', 'resultDesc': '操作成功', 'failureList': [{'eventCode': 'JJGM001', 'retu
rnCode': '1006', 'tranDate': '2020-01-02', 'srcNo': '0001025', 'returnDesc': '数据库唯一约束冲突，数据重复'}]}
2020-01-02 10:27:18,636-Ruquests-DEBUG-发送post请求
2020-01-02 10:39:49,141-Ruquests-DEBUG-发送post请求
2020-01-02 10:39:49,216-D:\bj18\KuaiJI_PingTai\utils\LogUtil.py-DEBUG-数据库查询结果：{'src_no': '0001025'}
2020-01-02 10:39:49,245-Ruquests-DEBUG-发送post请求
2020-01-02 10:39:49,281-AssertUtil-ERROR-不包含或者body是错误的,body is {'resultCode': '1000', 'resultDesc': '操作成功', 'failureList': [{'eventCode': 'JJGM001', 'returnCode': '1006', 'tranDate': '2020-01-02', 'srcNo': '0001025', 'returnDesc': '数据库唯一约束冲突，数据重复'}]},expected_body is {'resultCode': '1000', 'resultDesc': '操作成功', 'failureList': [{'eventCode': 'JJGM001', 'returnCode': '1007', 'tranDate': '2019-12-27', 'srcNo': '0001025', 'returnDesc': '必输字段ccy为空，无法录入'}]}
2020-01-02 10:39:52,445-Ruquests-DEBUG-发送post请求
2020-01-02 10:41:11,837-Ruquests-DEBUG-发送post请求
2020-01-02 10:41:11,896-D:\bj18\KuaiJI_PingTai\utils\LogUtil.py-DEBUG-数据库查询结果：{'src_no': '0001025'}
2020-01-02 10:41:11,980-Ruquests-DEBUG-发送post请求
2020-01-02 10:41:12,015-AssertUtil-ERROR-不包含或者body是错误的,body is {'resultCode': '1000', 'resultDesc': '操作成功', 'failureList': [{'eventCode': 'JJGM001', 'returnCode': '1006', 'tranDate': '2020-01-02', 'srcNo': '0001025', 'returnDesc': '数据库唯一约束冲突，数据重复'}]},expected_body is {'resultCode': '1000', 'resultDesc': '操作成功', 'failureList': [{'eventCode': 'JJGM001', 'returnCode': '1007', 'tranDate': '2019-12-27', 'srcNo': '0001025', 'returnDesc': '数据库唯一约束冲突，数据重复'}]}
2020-01-02 10:41:14,761-Ruquests-DEBUG-发送post请求
2020-01-02 10:43:56,119-Ruquests-DEBUG-发送post请求
2020-01-02 10:43:56,156-AssertUtil-ERROR-不包含或者body是错误的,body is "{'resultCode': '1000', 'resultDesc': '\u64cd\u4f5c\u6210\u529f', 'failureList': []}",expected_body is {'resultCode': '1000', 'resultDesc': '操作成功', 'failureList': []}
2020-01-02 10:43:58,283-Ruquests-DEBUG-发送post请求
2020-01-02 10:43:58,319-AssertUtil-ERROR-不包含或者body是错误的,body is "{'resultCode': '1000', 'resultDesc': '\u64cd\u4f5c\u6210\u529f', 'failureList': [{'eventCode': 'JJGM001', 'returnCode': '1006', 'tranDate': '2020-01-02', 'srcNo': '0001025', 'returnDesc': '\u6570\u636e\u5e93\u552f\u4e00\u7ea6\u675f\u51b2\u7a81\uff0c\u6570\u636e\u91cd\u590d'}]}",expected_body is {'resultCode': '1000', 'resultDesc': '操作成功', 'failureList': [{'eventCode': 'JJGM001', 'returnCode': '1007', 'tranDate': '2019-12-27', 'srcNo': '0001025', 'returnDesc': '数据库唯一约束冲突，数据重复'}]}
2020-01-02 10:43:58,357-Ruquests-DEBUG-发送post请求
2020-01-02 10:43:58,384-AssertUtil-ERROR-不包含或者body是错误的,body is "{'resultCode': '1000', 'resultDesc': '\u64cd\u4f5c\u6210\u529f', 'failureList': [{'eventCode': 'JJGM001', 'returnCode': '1007', 'tranDate': '2019-12-27', 'srcNo': '0001025', 'returnDesc': '\u5fc5\u8f93\u5b57\u6bb5ccy\u4e3a\u7a7a\uff0c\u65e0\u6cd5\u5f55\u5165'}]}",expected_body is {'resultCode': '1000', 'resultDesc': '操作成功', 'failureList': [{'eventCode': 'JJGM001', 'returnCode': '1007', 'tranDate': '2019-12-27', 'srcNo': '0001025', 'returnDesc': '必输字段ccy为空，无法录入'}]}
2020-01-02 10:48:58,345-Ruquests-DEBUG-发送post请求
2020-01-02 10:48:58,396-AssertUtil-ERROR-不包含或者body是错误的,body is {'resultCode': '1000', 'resultDesc': '操作成功', 'failureList': []},expected_body is {'resultCode': '1000', 'resultDesc': '操作成功', 'failureList': [{'eventCode': 'JJGM001', 'returnCode': '1007', 'tranDate': '2019-12-27', 'srcNo': '0001025', 'returnDesc': '数据库唯一约束冲突，数据重复'}]}
2020-01-02 10:50:48,580-Ruquests-DEBUG-发送post请求
2020-01-02 10:50:48,617-AssertUtil-ERROR-不包含或者body是错误的,body is {'resultCode': '1000', 'resultDesc': '操作成功', 'failureList': []},expected_body is {'resultCode': '1000', 'resultDesc': '操作成功', 'failureList': []},expected_body is {'resu
ltCode': '1000', 'resultDesc': '操作成功', 'failureList': [{'eventCode': 'JJGM001', 'returnCode': '1007', 'tranDate': '2020-01-02', 'srcNo': '0001025', 'returnDesc
': '数据库唯一约束冲突，数据重复'}]}
2020-01-02 10:51:43,192-Ruquests-DEBUG-发送post请求
2020-01-02 10:51:43,224-AssertUtil-ERROR-不包含或者body是错误的,body is {'resultCode': '1000', 'resultDesc': '操作成功', 'failureList': [{'eventCode': 'JJGM001', 'returnCode': '1006', 'tranDate': '2020-01-02', 'srcNo': '0001025', 'returnDesc': '数据库唯一约束冲突，数据重复'}]},expected_body is {'resultCode': '1000', 'resultDesc': '操作成功', 'failureList': []},expected_body is {'resu
ltCode': '1000', 'resultDesc': '操作成功', 'failureList': [{'eventCode': 'JJGM001', 'returnCode': '1007', 'tranDate': '2020-01-02', 'srcNo': '0001025', 'returnDesc
': '数据库唯一约束冲突，数据重复'}]}
2020-01-02 10:54:14,792-Ruquests-DEBUG-发送post请求
2020-01-02 10:54:14,828-AssertUtil-ERROR-不包含或者body是错误的,body is {'resultCode': '1000', 'resultDesc': '操作成功', 'failureList': [{'eventCode': 'JJGM001', 'returnCode': '1006', 'tranDate': '2020-01-02', 'srcNo': '0001025', 'returnDesc': '数据库唯一约束冲突，数据重复'}]},expected_body is {'resultCode': '1000', 'resultDesc': '操作成功', 'failureList': [{'eventCode': 'JJGM001', 'returnCode': '1006', 'tranDate': '2020-01-02', 'srcNo': '0001025','returnDesc': '数据库唯一约束冲突，数据重复'}]}
2020-01-02 10:59:01,794-Ruquests-DEBUG-发送post请求
2020-01-02 10:59:49,986-Ruquests-DEBUG-发送post请求
2020-01-02 10:59:50,110-D:\bj18\KuaiJI_PingTai\utils\LogUtil.py-DEBUG-数据库查询结果：{'src_no': '0001025'}
2020-01-02 10:59:50,138-Ruquests-DEBUG-发送post请求
2020-01-02 10:59:50,187-Ruquests-DEBUG-发送post请求
2020-01-02 11:00:37,756-Ruquests-DEBUG-发送post请求
2020-01-02 11:00:37,801-D:\bj18\KuaiJI_PingTai\utils\LogUtil.py-DEBUG-数据库查询结果：{'src_no': '0001025'}
2020-01-02 11:00:37,819-Ruquests-DEBUG-发送post请求
2020-01-02 11:00:37,861-Ruquests-DEBUG-发送post请求
2020-01-02 16:35:38,442-Ruquests-DEBUG-发送post请求
2020-01-02 16:35:41,095-Ruquests-DEBUG-发送post请求
2020-01-02 16:35:41,167-Ruquests-DEBUG-发送post请求
2020-01-02 16:38:30,303-Ruquests-DEBUG-发送post请求
2020-01-02 16:38:30,535-D:\bj18\KuaiJI_PingTai\utils\LogUtil.py-DEBUG-数据库查询结果：{'src_no': '0001025'}
2020-01-02 16:38:30,555-Ruquests-DEBUG-发送post请求
2020-01-02 16:38:30,596-Ruquests-DEBUG-发送post请求
2020-01-02 16:45:43,653-Ruquests-DEBUG-发送post请求
2020-01-02 16:45:44,183-D:\bj18\KuaiJI_PingTai\utils\LogUtil.py-DEBUG-数据库查询结果：{'src_no': '0001025'}
2020-01-02 16:45:44,200-Ruquests-DEBUG-发送post请求
2020-01-02 16:45:44,239-Ruquests-DEBUG-发送post请求
2020-01-02 16:59:59,127-Ruquests-DEBUG-发送post请求
2020-01-02 16:59:59,335-D:\bj18\KuaiJI_PingTai\utils\LogUtil.py-DEBUG-数据库查询结果：{'src_no': '0001025'}
2020-01-02 16:59:59,354-Ruquests-DEBUG-发送post请求
2020-01-02 16:59:59,488-Ruquests-DEBUG-发送post请求
2020-01-02 17:55:43,806-Ruquests-DEBUG-发送post请求
2020-01-02 17:55:43,885-D:\bj18\KuaiJI_PingTai\utils\LogUtil.py-DEBUG-数据库查询结果：{'src_no': '0001025'}
2020-01-02 17:55:43,906-Ruquests-DEBUG-发送post请求
2020-01-02 17:55:43,960-Ruquests-DEBUG-发送post请求
2020-01-02 17:55:43,998-D:\bj18\KuaiJI_PingTai\utils\LogUtil.py-INFO-报告地址
2020-01-02 18:35:45,637-Ruquests-DEBUG-发送post请求
2020-01-02 18:35:45,694-D:\bj18\KuaiJI_PingTai\utils\LogUtil.py-DEBUG-数据库查询结果：{'src_no': '0001025'}
2020-01-02 18:35:45,722-Ruquests-DEBUG-发送post请求
2020-01-02 18:35:45,785-Ruquests-DEBUG-发送post请求
2020-01-02 18:35:45,830-D:\bj18\KuaiJI_PingTai\utils\LogUtil.py-INFO-报告地址
2020-01-02 18:37:11,934-Ruquests-DEBUG-发送post请求
2020-01-02 18:37:11,986-D:\bj18\KuaiJI_PingTai\utils\LogUtil.py-DEBUG-数据库查询结果：{'src_no': '0001025'}
2020-01-02 18:37:12,011-Ruquests-DEBUG-发送post请求
2020-01-02 18:37:12,066-Ruquests-DEBUG-发送post请求
2020-01-02 18:37:12,120-D:\bj18\KuaiJI_PingTai\utils\LogUtil.py-INFO-报告地址
2020-01-02 18:38:32,765-Ruquests-DEBUG-发送post请求
2020-01-02 18:38:32,799-D:\bj18\KuaiJI_PingTai\utils\LogUtil.py-DEBUG-数据库查询结果：{'src_no': '0001025'}
2020-01-02 18:38:32,814-Ruquests-DEBUG-发送post请求
2020-01-02 18:38:32,849-Ruquests-DEBUG-发送post请求
2020-01-02 18:38:32,881-D:\bj18\KuaiJI_PingTai\utils\LogUtil.py-INFO-报告地址
