2020-01-03 15:02:03,743-Ruquests-DEBUG-发送post请求
2020-01-03 15:02:03,921-D:\bj18\KuaiJI_PingTai\utils\LogUtil.py-DEBUG-数据库查询结果：None
2020-01-03 15:02:17,168-Ruquests-DEBUG-发送post请求
2020-01-03 15:02:17,358-Ruquests-DEBUG-发送post请求
2020-01-03 15:02:17,481-D:\bj18\KuaiJI_PingTai\utils\LogUtil.py-INFO-报告地址
2020-01-03 15:09:51,590-Ruquests-DEBUG-发送post请求
2020-01-03 15:09:51,627-AssertUtil-ERROR-不包含或者body是错误的,body is {'resultCode': '1000', 'resultDesc': '操作成功', 'failureList': [{'eventCode': 'JJGM001', 'returnCode': '1006', 'tranDate': '2020-01-02', 'srcNo': '0001025', 'returnDesc': '数据库唯一约束冲突，数据重复'}]},expected_body is {'resultCode': '1000', 'resultDesc': '操作成功', 'failureList': []}
2020-01-03 15:09:54,352-Ruquests-DEBUG-发送post请求
2020-01-03 15:09:54,397-Ruquests-DEBUG-发送post请求
2020-01-03 15:09:54,429-D:\bj18\KuaiJI_PingTai\utils\LogUtil.py-INFO-报告地址
2020-01-03 15:15:10,864-Ruquests-DEBUG-发送post请求
2020-01-03 15:15:10,897-D:\bj18\KuaiJI_PingTai\utils\LogUtil.py-DEBUG-数据库查询结果：None
2020-01-03 15:15:15,202-Ruquests-DEBUG-发送post请求
2020-01-03 15:15:15,290-Ruquests-DEBUG-发送post请求
2020-01-03 15:15:15,412-D:\bj18\KuaiJI_PingTai\utils\LogUtil.py-INFO-报告地址
2020-01-03 15:16:14,962-Ruquests-DEBUG-发送post请求
2020-01-03 15:16:14,996-D:\bj18\KuaiJI_PingTai\utils\LogUtil.py-DEBUG-数据库查询结果：None
2020-01-03 15:16:17,278-Ruquests-DEBUG-发送post请求
2020-01-03 15:16:17,315-Ruquests-DEBUG-发送post请求
2020-01-03 15:16:17,357-D:\bj18\KuaiJI_PingTai\utils\LogUtil.py-INFO-报告地址
2020-01-03 15:17:00,636-Ruquests-DEBUG-发送post请求
2020-01-03 15:17:00,668-D:\bj18\KuaiJI_PingTai\utils\LogUtil.py-DEBUG-数据库查询结果：{'src_no': '0001025'}
2020-01-03 15:17:00,683-Ruquests-DEBUG-发送post请求
2020-01-03 15:17:00,721-Ruquests-DEBUG-发送post请求
2020-01-03 15:17:00,781-D:\bj18\KuaiJI_PingTai\utils\LogUtil.py-INFO-报告地址
2020-01-03 15:17:40,162-Ruquests-DEBUG-发送post请求
2020-01-03 15:17:43,658-D:\bj18\KuaiJI_PingTai\utils\LogUtil.py-DEBUG-数据库查询结果：{'src_no': '0001025'}
2020-01-03 15:17:43,676-Ruquests-DEBUG-发送post请求
2020-01-03 15:17:43,852-Ruquests-DEBUG-发送post请求
2020-01-03 15:17:43,916-D:\bj18\KuaiJI_PingTai\utils\LogUtil.py-INFO-报告地址
2020-01-03 15:32:13,870-Ruquests-DEBUG-发送post请求
2020-01-03 15:32:13,915-D:\bj18\KuaiJI_PingTai\utils\LogUtil.py-DEBUG-数据库查询结果：{'src_no': '0001025'}
2020-01-03 15:32:13,939-Ruquests-DEBUG-发送post请求
2020-01-03 15:32:14,001-Ruquests-DEBUG-发送post请求
2020-01-03 15:32:14,034-D:\bj18\KuaiJI_PingTai\utils\LogUtil.py-INFO-报告地址
2020-01-03 15:34:01,036-Ruquests-DEBUG-发送post请求
2020-01-03 15:34:01,072-D:\bj18\KuaiJI_PingTai\utils\LogUtil.py-DEBUG-数据库查询结果：{'src_no': '0001025'}
2020-01-03 15:34:01,088-Ruquests-DEBUG-发送post请求
2020-01-03 15:34:01,125-Ruquests-DEBUG-发送post请求
2020-01-03 15:34:01,160-D:\bj18\KuaiJI_PingTai\utils\LogUtil.py-INFO-报告地址
